<html>
<head>
<title>TestNG:  LinkedinTest</title>
<link href="../testng.css" rel="stylesheet" type="text/css" />
<link href="../my-testng.css" rel="stylesheet" type="text/css" />

<style type="text/css">
.log { display: none;} 
.stack-trace { display: none;} 
</style>
<script type="text/javascript">
<!--
function flip(e) {
  current = e.style.display;
  if (current == 'block') {
    e.style.display = 'none';
    return 0;
  }
  else {
    e.style.display = 'block';
    return 1;
  }
}

function toggleBox(szDivId, elem, msg1, msg2)
{
  var res = -1;  if (document.getElementById) {
    res = flip(document.getElementById(szDivId));
  }
  else if (document.all) {
    // this is the way old msie versions work
    res = flip(document.all[szDivId]);
  }
  if(elem) {
    if(res == 0) elem.innerHTML = msg1; else elem.innerHTML = msg2;
  }

}

function toggleAllBoxes() {
  if (document.getElementsByTagName) {
    d = document.getElementsByTagName('div');
    for (i = 0; i < d.length; i++) {
      if (d[i].className == 'log') {
        flip(d[i]);
      }
    }
  }
}

// -->
</script>

</head>
<body>
<h2 align='center'>LinkedinTest</h2><table border='1' align="center">
<tr>
<td>Tests passed/Failed/Skipped:</td><td>12/4/0</td>
</tr><tr>
<td>Started on:</td><td>Thu Jul 28 07:58:52 IST 2022</td>
</tr>
<tr><td>Total time:</td><td>128 seconds (128133 ms)</td>
</tr><tr>
<td>Included groups:</td><td></td>
</tr><tr>
<td>Excluded groups:</td><td></td>
</tr>
</table><p/>
<small><i>(Hover the method name to see the test class name)</i></small><p/>
<table width='100%' border='1' class='invocation-failed'>
<tr><td colspan='4' align='center'><b>FAILED TESTS</b></td></tr>
<tr><td><b>Test method</b></td>
<td width="30%"><b>Exception</b></td>
<td width="10%"><b>Time (seconds)</b></td>
<td><b>Instance</b></td>
</tr>
<tr>
<td title='com.qa.linkedin.testcases.LinkedinFeedPageTest.verifyFeedPageTitleTest()'><b>verifyFeedPageTitleTest</b><br>Test class: com.qa.linkedin.testcases.LinkedinFeedPageTest</td>
<td><div><pre>java.lang.AssertionError: Feed | LinkedIn is not present expected [true] but found [false]
	at com.qa.linkedin.testcases.LinkedinFeedPageTest.verifyFeedPageTitleTest(LinkedinFeedPageTest.java:50)
	at java.util.ArrayList.forEach(ArrayList.java:1259)
... Removed 30 stack frames</pre></div><a href='#' onClick='toggleBox("stack-trace716550087", this, "Click to show all stack frames", "Click to hide stack frames")'>Click to show all stack frames</a>
<div class='stack-trace' id='stack-trace716550087'><pre>java.lang.AssertionError: Feed | LinkedIn is not present expected [true] but found [false]
	at org.testng.Assert.fail(Assert.java:99)
	at org.testng.Assert.failNotEquals(Assert.java:1037)
	at org.testng.Assert.assertTrue(Assert.java:45)
	at com.qa.linkedin.testcases.LinkedinFeedPageTest.verifyFeedPageTitleTest(LinkedinFeedPageTest.java:50)
	at sun.reflect.NativeMethodAccessorImpl.invoke0(Native Method)
	at sun.reflect.NativeMethodAccessorImpl.invoke(NativeMethodAccessorImpl.java:62)
	at sun.reflect.DelegatingMethodAccessorImpl.invoke(DelegatingMethodAccessorImpl.java:43)
	at java.lang.reflect.Method.invoke(Method.java:498)
	at org.testng.internal.MethodInvocationHelper.invokeMethod(MethodInvocationHelper.java:133)
	at org.testng.internal.TestInvoker.invokeMethod(TestInvoker.java:598)
	at org.testng.internal.TestInvoker.invokeTestMethod(TestInvoker.java:173)
	at org.testng.internal.MethodRunner.runInSequence(MethodRunner.java:46)
	at org.testng.internal.TestInvoker$MethodInvocationAgent.invoke(TestInvoker.java:824)
	at org.testng.internal.TestInvoker.invokeTestMethods(TestInvoker.java:146)
	at org.testng.internal.TestMethodWorker.invokeTestMethods(TestMethodWorker.java:146)
	at org.testng.internal.TestMethodWorker.run(TestMethodWorker.java:128)
	at java.util.ArrayList.forEach(ArrayList.java:1259)
	at org.testng.TestRunner.privateRun(TestRunner.java:794)
	at org.testng.TestRunner.run(TestRunner.java:596)
	at org.testng.SuiteRunner.runTest(SuiteRunner.java:377)
	at org.testng.SuiteRunner.runSequentially(SuiteRunner.java:371)
	at org.testng.SuiteRunner.privateRun(SuiteRunner.java:332)
	at org.testng.SuiteRunner.run(SuiteRunner.java:276)
	at org.testng.SuiteRunnerWorker.runSuite(SuiteRunnerWorker.java:53)
	at org.testng.SuiteRunnerWorker.run(SuiteRunnerWorker.java:96)
	at org.testng.TestNG.runSuitesSequentially(TestNG.java:1212)
	at org.testng.TestNG.runSuitesLocally(TestNG.java:1134)
	at org.testng.TestNG.runSuites(TestNG.java:1063)
	at org.testng.TestNG.run(TestNG.java:1031)
	at org.testng.remote.AbstractRemoteTestNG.run(AbstractRemoteTestNG.java:115)
	at org.testng.remote.RemoteTestNG.initAndRun(RemoteTestNG.java:251)
	at org.testng.remote.RemoteTestNG.main(RemoteTestNG.java:77)
</pre></div></td>
<td>0</td>
<td>com.qa.linkedin.testcases.LinkedinFeedPageTest@5be6e01c</td></tr>
<tr>
<td title='com.qa.linkedin.testcases.LinkedinFeedPageTest.verifyProfileRailcardTest()'><b>verifyProfileRailcardTest</b><br>Test class: com.qa.linkedin.testcases.LinkedinFeedPageTest<br>Test method: verifying profile railcard element</td>
<td><div><pre>org.openqa.selenium.NoSuchElementException: no such element: Unable to locate element: {&quot;method&quot;:&quot;css selector&quot;,&quot;selector&quot;:&quot;div[class*=&apos;feed-identity-module&apos;]&quot;}
  (Session info: chrome=103.0.5060.134)
For documentation on this error, please visit: https://selenium.dev/exceptions/#no_such_element
Build info: version: &apos;4.1.2&apos;, revision: &apos;9a5a329c5a&apos;
System info: host: &apos;DESKTOP-0M1MH5T&apos;, ip: &apos;192.168.0.172&apos;, os.name: &apos;Windows 10&apos;, os.arch: &apos;amd64&apos;, os.version: &apos;10.0&apos;, java.version: &apos;1.8.0_311&apos;
Driver info: org.openqa.selenium.chrome.ChromeDriver
Command: [071f49cd83cd05765f49b2ae1f419272, findElement {using=css selector, value=div[class*=&apos;feed-identity-module&apos;]}]
Capabilities {acceptInsecureCerts: false, browserName: chrome, browserVersion: 103.0.5060.134, chrome: {chromedriverVersion: 103.0.5060.134 (8ec6fce403b..., userDataDir: C:\Users\LENOVO\AppData\Loc...}, goog:chromeOptions: {debuggerAddress: localhost:60563}, javascriptEnabled: true, networkConnectionEnabled: false, pageLoadStrategy: normal, platform: WINDOWS, platformName: WINDOWS, proxy: Proxy(), se:cdp: ws://localhost:60563/devtoo..., se:cdpVersion: 103.0.5060.134, setWindowRect: true, strictFileInteractability: false, timeouts: {implicit: 0, pageLoad: 300000, script: 30000}, unhandledPromptBehavior: dismiss and notify, webauthn:extension:credBlob: true, webauthn:extension:largeBlob: true, webauthn:virtualAuthenticators: true}
Session ID: 071f49cd83cd05765f49b2ae1f419272
	at org.openqa.selenium.remote.codec.w3c.W3CHttpResponseCodec.createException(W3CHttpResponseCodec.java:200)
	at org.openqa.selenium.remote.codec.w3c.W3CHttpResponseCodec.decode(W3CHttpResponseCodec.java:133)
	at org.openqa.selenium.remote.codec.w3c.W3CHttpResponseCodec.decode(W3CHttpResponseCodec.java:53)
	at org.openqa.selenium.remote.HttpCommandExecutor.execute(HttpCommandExecutor.java:184)
	at org.openqa.selenium.remote.service.DriverCommandExecutor.invokeExecute(DriverCommandExecutor.java:167)
	at org.openqa.selenium.remote.service.DriverCommandExecutor.execute(DriverCommandExecutor.java:142)
	at org.openqa.selenium.remote.RemoteWebDriver.execute(RemoteWebDriver.java:558)
	at org.openqa.selenium.remote.ElementLocation$ElementFinder$2.findElement(ElementLocation.java:162)
	at org.openqa.selenium.remote.ElementLocation.findElement(ElementLocation.java:60)
	at org.openqa.selenium.remote.RemoteWebDriver.findElement(RemoteWebDriver.java:382)
	at org.openqa.selenium.remote.RemoteWebDriver.findElement(RemoteWebDriver.java:374)
	at org.openqa.selenium.support.pagefactory.DefaultElementLocator.findElement(DefaultElementLocator.java:70)
	at org.openqa.selenium.support.pagefactory.internal.LocatingElementHandler.invoke(LocatingElementHandler.java:39)
	at com.sun.proxy.$Proxy16.isDisplayed(Unknown Source)
	at com.qa.linkedin.pages.LinkedinFeedPage.isProfileRailCardPresent(LinkedinFeedPage.java:43)
	at com.qa.linkedin.testcases.LinkedinFeedPageTest.verifyProfileRailcardTest(LinkedinFeedPageTest.java:42)
	at java.util.ArrayList.forEach(ArrayList.java:1259)
... Removed 31 stack frames</pre></div><a href='#' onClick='toggleBox("stack-trace975372289", this, "Click to show all stack frames", "Click to hide stack frames")'>Click to show all stack frames</a>
<div class='stack-trace' id='stack-trace975372289'><pre>org.openqa.selenium.NoSuchElementException: no such element: Unable to locate element: {&quot;method&quot;:&quot;css selector&quot;,&quot;selector&quot;:&quot;div[class*=&apos;feed-identity-module&apos;]&quot;}
  (Session info: chrome=103.0.5060.134)
For documentation on this error, please visit: https://selenium.dev/exceptions/#no_such_element
Build info: version: &apos;4.1.2&apos;, revision: &apos;9a5a329c5a&apos;
System info: host: &apos;DESKTOP-0M1MH5T&apos;, ip: &apos;192.168.0.172&apos;, os.name: &apos;Windows 10&apos;, os.arch: &apos;amd64&apos;, os.version: &apos;10.0&apos;, java.version: &apos;1.8.0_311&apos;
Driver info: org.openqa.selenium.chrome.ChromeDriver
Command: [071f49cd83cd05765f49b2ae1f419272, findElement {using=css selector, value=div[class*=&apos;feed-identity-module&apos;]}]
Capabilities {acceptInsecureCerts: false, browserName: chrome, browserVersion: 103.0.5060.134, chrome: {chromedriverVersion: 103.0.5060.134 (8ec6fce403b..., userDataDir: C:\Users\LENOVO\AppData\Loc...}, goog:chromeOptions: {debuggerAddress: localhost:60563}, javascriptEnabled: true, networkConnectionEnabled: false, pageLoadStrategy: normal, platform: WINDOWS, platformName: WINDOWS, proxy: Proxy(), se:cdp: ws://localhost:60563/devtoo..., se:cdpVersion: 103.0.5060.134, setWindowRect: true, strictFileInteractability: false, timeouts: {implicit: 0, pageLoad: 300000, script: 30000}, unhandledPromptBehavior: dismiss and notify, webauthn:extension:credBlob: true, webauthn:extension:largeBlob: true, webauthn:virtualAuthenticators: true}
Session ID: 071f49cd83cd05765f49b2ae1f419272
	at sun.reflect.NativeConstructorAccessorImpl.newInstance0(Native Method)
	at sun.reflect.NativeConstructorAccessorImpl.newInstance(NativeConstructorAccessorImpl.java:62)
	at sun.reflect.DelegatingConstructorAccessorImpl.newInstance(DelegatingConstructorAccessorImpl.java:45)
	at java.lang.reflect.Constructor.newInstance(Constructor.java:423)
	at org.openqa.selenium.remote.codec.w3c.W3CHttpResponseCodec.createException(W3CHttpResponseCodec.java:200)
	at org.openqa.selenium.remote.codec.w3c.W3CHttpResponseCodec.decode(W3CHttpResponseCodec.java:133)
	at org.openqa.selenium.remote.codec.w3c.W3CHttpResponseCodec.decode(W3CHttpResponseCodec.java:53)
	at org.openqa.selenium.remote.HttpCommandExecutor.execute(HttpCommandExecutor.java:184)
	at org.openqa.selenium.remote.service.DriverCommandExecutor.invokeExecute(DriverCommandExecutor.java:167)
	at org.openqa.selenium.remote.service.DriverCommandExecutor.execute(DriverCommandExecutor.java:142)
	at org.openqa.selenium.remote.RemoteWebDriver.execute(RemoteWebDriver.java:558)
	at org.openqa.selenium.remote.ElementLocation$ElementFinder$2.findElement(ElementLocation.java:162)
	at org.openqa.selenium.remote.ElementLocation.findElement(ElementLocation.java:60)
	at org.openqa.selenium.remote.RemoteWebDriver.findElement(RemoteWebDriver.java:382)
	at org.openqa.selenium.remote.RemoteWebDriver.findElement(RemoteWebDriver.java:374)
	at org.openqa.selenium.support.pagefactory.DefaultElementLocator.findElement(DefaultElementLocator.java:70)
	at org.openqa.selenium.support.pagefactory.internal.LocatingElementHandler.invoke(LocatingElementHandler.java:39)
	at com.sun.proxy.$Proxy16.isDisplayed(Unknown Source)
	at com.qa.linkedin.pages.LinkedinFeedPage.isProfileRailCardPresent(LinkedinFeedPage.java:43)
	at com.qa.linkedin.testcases.LinkedinFeedPageTest.verifyProfileRailcardTest(LinkedinFeedPageTest.java:42)
	at sun.reflect.NativeMethodAccessorImpl.invoke0(Native Method)
	at sun.reflect.NativeMethodAccessorImpl.invoke(NativeMethodAccessorImpl.java:62)
	at sun.reflect.DelegatingMethodAccessorImpl.invoke(DelegatingMethodAccessorImpl.java:43)
	at java.lang.reflect.Method.invoke(Method.java:498)
	at org.testng.internal.MethodInvocationHelper.invokeMethod(MethodInvocationHelper.java:133)
	at org.testng.internal.TestInvoker.invokeMethod(TestInvoker.java:598)
	at org.testng.internal.TestInvoker.invokeTestMethod(TestInvoker.java:173)
	at org.testng.internal.MethodRunner.runInSequence(MethodRunner.java:46)
	at org.testng.internal.TestInvoker$MethodInvocationAgent.invoke(TestInvoker.java:824)
	at org.testng.internal.TestInvoker.invokeTestMethods(TestInvoker.java:146)
	at org.testng.internal.TestMethodWorker.invokeTestMethods(TestMethodWorker.java:146)
	at org.testng.internal.TestMethodWorker.run(TestMethodWorker.java:128)
	at java.util.ArrayList.forEach(ArrayList.java:1259)
	at org.testng.TestRunner.privateRun(TestRunner.java:794)
	at org.testng.TestRunner.run(TestRunner.java:596)
	at org.testng.SuiteRunner.runTest(SuiteRunner.java:377)
	at org.testng.SuiteRunner.runSequentially(SuiteRunner.java:371)
	at org.testng.SuiteRunner.privateRun(SuiteRunner.java:332)
	at org.testng.SuiteRunner.run(SuiteRunner.java:276)
	at org.testng.SuiteRunnerWorker.runSuite(SuiteRunnerWorker.java:53)
	at org.testng.SuiteRunnerWorker.run(SuiteRunnerWorker.java:96)
	at org.testng.TestNG.runSuitesSequentially(TestNG.java:1212)
	at org.testng.TestNG.runSuitesLocally(TestNG.java:1134)
	at org.testng.TestNG.runSuites(TestNG.java:1063)
	at org.testng.TestNG.run(TestNG.java:1031)
	at org.testng.remote.AbstractRemoteTestNG.run(AbstractRemoteTestNG.java:115)
	at org.testng.remote.RemoteTestNG.initAndRun(RemoteTestNG.java:251)
	at org.testng.remote.RemoteTestNG.main(RemoteTestNG.java:77)
</pre></div></td>
<td>10</td>
<td>com.qa.linkedin.testcases.LinkedinFeedPageTest@5be6e01c</td></tr>
<tr>
<td title='com.qa.linkedin.testcases.LinkedinLoginPageTest.verifyLoginPageTitle()'><b>verifyLoginPageTitle</b><br>Test class: com.qa.linkedin.testcases.LinkedinLoginPageTest</td>
<td><div><pre>java.lang.AssertionError: signin page title is not correct expected [true] but found [false]
	at com.qa.linkedin.testcases.LinkedinLoginPageTest.verifyLoginPageTitle(LinkedinLoginPageTest.java:37)
	at java.util.ArrayList.forEach(ArrayList.java:1259)
... Removed 30 stack frames</pre></div><a href='#' onClick='toggleBox("stack-trace182949133", this, "Click to show all stack frames", "Click to hide stack frames")'>Click to show all stack frames</a>
<div class='stack-trace' id='stack-trace182949133'><pre>java.lang.AssertionError: signin page title is not correct expected [true] but found [false]
	at org.testng.Assert.fail(Assert.java:99)
	at org.testng.Assert.failNotEquals(Assert.java:1037)
	at org.testng.Assert.assertTrue(Assert.java:45)
	at com.qa.linkedin.testcases.LinkedinLoginPageTest.verifyLoginPageTitle(LinkedinLoginPageTest.java:37)
	at sun.reflect.NativeMethodAccessorImpl.invoke0(Native Method)
	at sun.reflect.NativeMethodAccessorImpl.invoke(NativeMethodAccessorImpl.java:62)
	at sun.reflect.DelegatingMethodAccessorImpl.invoke(DelegatingMethodAccessorImpl.java:43)
	at java.lang.reflect.Method.invoke(Method.java:498)
	at org.testng.internal.MethodInvocationHelper.invokeMethod(MethodInvocationHelper.java:133)
	at org.testng.internal.TestInvoker.invokeMethod(TestInvoker.java:598)
	at org.testng.internal.TestInvoker.invokeTestMethod(TestInvoker.java:173)
	at org.testng.internal.MethodRunner.runInSequence(MethodRunner.java:46)
	at org.testng.internal.TestInvoker$MethodInvocationAgent.invoke(TestInvoker.java:824)
	at org.testng.internal.TestInvoker.invokeTestMethods(TestInvoker.java:146)
	at org.testng.internal.TestMethodWorker.invokeTestMethods(TestMethodWorker.java:146)
	at org.testng.internal.TestMethodWorker.run(TestMethodWorker.java:128)
	at java.util.ArrayList.forEach(ArrayList.java:1259)
	at org.testng.TestRunner.privateRun(TestRunner.java:794)
	at org.testng.TestRunner.run(TestRunner.java:596)
	at org.testng.SuiteRunner.runTest(SuiteRunner.java:377)
	at org.testng.SuiteRunner.runSequentially(SuiteRunner.java:371)
	at org.testng.SuiteRunner.privateRun(SuiteRunner.java:332)
	at org.testng.SuiteRunner.run(SuiteRunner.java:276)
	at org.testng.SuiteRunnerWorker.runSuite(SuiteRunnerWorker.java:53)
	at org.testng.SuiteRunnerWorker.run(SuiteRunnerWorker.java:96)
	at org.testng.TestNG.runSuitesSequentially(TestNG.java:1212)
	at org.testng.TestNG.runSuitesLocally(TestNG.java:1134)
	at org.testng.TestNG.runSuites(TestNG.java:1063)
	at org.testng.TestNG.run(TestNG.java:1031)
	at org.testng.remote.AbstractRemoteTestNG.run(AbstractRemoteTestNG.java:115)
	at org.testng.remote.RemoteTestNG.initAndRun(RemoteTestNG.java:251)
	at org.testng.remote.RemoteTestNG.main(RemoteTestNG.java:77)
</pre></div></td>
<td>0</td>
<td>com.qa.linkedin.testcases.LinkedinLoginPageTest@6af93788</td></tr>
<tr>
<td title='com.qa.linkedin.testcases.LinkedinHomePageTest.verifyLinkedinHomePageTitle()'><b>verifyLinkedinHomePageTitle</b><br>Test class: com.qa.linkedin.testcases.LinkedinHomePageTest</td>
<td><div><pre>java.lang.AssertionError: expected [true] but found [false]
	at com.qa.linkedin.testcases.LinkedinHomePageTest.verifyLinkedinHomePageTitle(LinkedinHomePageTest.java:30)
	at java.util.ArrayList.forEach(ArrayList.java:1259)
... Removed 31 stack frames</pre></div><a href='#' onClick='toggleBox("stack-trace817018735", this, "Click to show all stack frames", "Click to hide stack frames")'>Click to show all stack frames</a>
<div class='stack-trace' id='stack-trace817018735'><pre>java.lang.AssertionError: expected [true] but found [false]
	at org.testng.Assert.fail(Assert.java:99)
	at org.testng.Assert.failNotEquals(Assert.java:1037)
	at org.testng.Assert.assertTrue(Assert.java:45)
	at org.testng.Assert.assertTrue(Assert.java:55)
	at com.qa.linkedin.testcases.LinkedinHomePageTest.verifyLinkedinHomePageTitle(LinkedinHomePageTest.java:30)
	at sun.reflect.NativeMethodAccessorImpl.invoke0(Native Method)
	at sun.reflect.NativeMethodAccessorImpl.invoke(NativeMethodAccessorImpl.java:62)
	at sun.reflect.DelegatingMethodAccessorImpl.invoke(DelegatingMethodAccessorImpl.java:43)
	at java.lang.reflect.Method.invoke(Method.java:498)
	at org.testng.internal.MethodInvocationHelper.invokeMethod(MethodInvocationHelper.java:133)
	at org.testng.internal.TestInvoker.invokeMethod(TestInvoker.java:598)
	at org.testng.internal.TestInvoker.invokeTestMethod(TestInvoker.java:173)
	at org.testng.internal.MethodRunner.runInSequence(MethodRunner.java:46)
	at org.testng.internal.TestInvoker$MethodInvocationAgent.invoke(TestInvoker.java:824)
	at org.testng.internal.TestInvoker.invokeTestMethods(TestInvoker.java:146)
	at org.testng.internal.TestMethodWorker.invokeTestMethods(TestMethodWorker.java:146)
	at org.testng.internal.TestMethodWorker.run(TestMethodWorker.java:128)
	at java.util.ArrayList.forEach(ArrayList.java:1259)
	at org.testng.TestRunner.privateRun(TestRunner.java:794)
	at org.testng.TestRunner.run(TestRunner.java:596)
	at org.testng.SuiteRunner.runTest(SuiteRunner.java:377)
	at org.testng.SuiteRunner.runSequentially(SuiteRunner.java:371)
	at org.testng.SuiteRunner.privateRun(SuiteRunner.java:332)
	at org.testng.SuiteRunner.run(SuiteRunner.java:276)
	at org.testng.SuiteRunnerWorker.runSuite(SuiteRunnerWorker.java:53)
	at org.testng.SuiteRunnerWorker.run(SuiteRunnerWorker.java:96)
	at org.testng.TestNG.runSuitesSequentially(TestNG.java:1212)
	at org.testng.TestNG.runSuitesLocally(TestNG.java:1134)
	at org.testng.TestNG.runSuites(TestNG.java:1063)
	at org.testng.TestNG.run(TestNG.java:1031)
	at org.testng.remote.AbstractRemoteTestNG.run(AbstractRemoteTestNG.java:115)
	at org.testng.remote.RemoteTestNG.initAndRun(RemoteTestNG.java:251)
	at org.testng.remote.RemoteTestNG.main(RemoteTestNG.java:77)
</pre></div></td>
<td>0</td>
<td>com.qa.linkedin.testcases.LinkedinHomePageTest@7f552bd3</td></tr>
</table><p>
<table width='100%' border='1' class='invocation-passed'>
<tr><td colspan='4' align='center'><b>PASSED TESTS</b></td></tr>
<tr><td><b>Test method</b></td>
<td width="30%"><b>Exception</b></td>
<td width="10%"><b>Time (seconds)</b></td>
<td><b>Instance</b></td>
</tr>
<tr>
<td title='com.qa.linkedin.testcases.LinkedinFeedPageTest.doLogoutTest()'><b>doLogoutTest</b><br>Test class: com.qa.linkedin.testcases.LinkedinFeedPageTest</td>
<td></td>
<td>1</td>
<td>com.qa.linkedin.testcases.LinkedinFeedPageTest@5be6e01c</td></tr>
<tr>
<td title='com.qa.linkedin.testcases.LinkedinFeedPageTest.doLoginTest()'><b>doLoginTest</b><br>Test class: com.qa.linkedin.testcases.LinkedinFeedPageTest<br>Test method: login to linkedin</td>
<td></td>
<td>11</td>
<td>com.qa.linkedin.testcases.LinkedinFeedPageTest@5be6e01c</td></tr>
<tr>
<td title='com.qa.linkedin.testcases.LinkedinSearchResultsTest.doPeopleSearchTest()'><b>doPeopleSearchTest</b><br>Test class: com.qa.linkedin.testcases.LinkedinSearchResultsTest<br>Parameters: Lavanya</td>
<td></td>
<td>5</td>
<td>com.qa.linkedin.testcases.LinkedinSearchResultsTest@6ef888f6</td></tr>
<tr>
<td title='com.qa.linkedin.testcases.LinkedinSearchResultsTest.doPeopleSearchTest()'><b>doPeopleSearchTest</b><br>Test class: com.qa.linkedin.testcases.LinkedinSearchResultsTest<br>Parameters: Venkatesh</td>
<td></td>
<td>6</td>
<td>com.qa.linkedin.testcases.LinkedinSearchResultsTest@6ef888f6</td></tr>
<tr>
<td title='com.qa.linkedin.testcases.LinkedinSearchResultsTest.doPeopleSearchTest()'><b>doPeopleSearchTest</b><br>Test class: com.qa.linkedin.testcases.LinkedinSearchResultsTest<br>Parameters: Jyoshna</td>
<td></td>
<td>6</td>
<td>com.qa.linkedin.testcases.LinkedinSearchResultsTest@6ef888f6</td></tr>
<tr>
<td title='com.qa.linkedin.testcases.LinkedinSearchResultsTest.doLogoutTest()'><b>doLogoutTest</b><br>Test class: com.qa.linkedin.testcases.LinkedinSearchResultsTest</td>
<td></td>
<td>3</td>
<td>com.qa.linkedin.testcases.LinkedinSearchResultsTest@6ef888f6</td></tr>
<tr>
<td title='com.qa.linkedin.testcases.LinkedinSearchResultsTest.doLoginTest()'><b>doLoginTest</b><br>Test class: com.qa.linkedin.testcases.LinkedinSearchResultsTest<br>Test method: login to linkedin</td>
<td></td>
<td>8</td>
<td>com.qa.linkedin.testcases.LinkedinSearchResultsTest@6ef888f6</td></tr>
<tr>
<td title='com.qa.linkedin.testcases.LinkedinSearchResultsTest.doPeopleSearchTest()'><b>doPeopleSearchTest</b><br>Test class: com.qa.linkedin.testcases.LinkedinSearchResultsTest<br>Parameters: Ramesh</td>
<td></td>
<td>6</td>
<td>com.qa.linkedin.testcases.LinkedinSearchResultsTest@6ef888f6</td></tr>
<tr>
<td title='com.qa.linkedin.testcases.LinkedinHomePageTest.verifyLinkedinLogoTest()'><b>verifyLinkedinLogoTest</b><br>Test class: com.qa.linkedin.testcases.LinkedinHomePageTest</td>
<td></td>
<td>0</td>
<td>com.qa.linkedin.testcases.LinkedinHomePageTest@7f552bd3</td></tr>
<tr>
<td title='com.qa.linkedin.testcases.LinkedinLoginPageTest.verifySigninHeaderText()'><b>verifySigninHeaderText</b><br>Test class: com.qa.linkedin.testcases.LinkedinLoginPageTest</td>
<td></td>
<td>0</td>
<td>com.qa.linkedin.testcases.LinkedinLoginPageTest@6af93788</td></tr>
<tr>
<td title='com.qa.linkedin.testcases.LinkedinSearchResultsTest.doPeopleSearchTest()'><b>doPeopleSearchTest</b><br>Test class: com.qa.linkedin.testcases.LinkedinSearchResultsTest<br>Parameters: Shafi</td>
<td></td>
<td>6</td>
<td>com.qa.linkedin.testcases.LinkedinSearchResultsTest@6ef888f6</td></tr>
<tr>
<td title='com.qa.linkedin.testcases.LinkedinSearchResultsTest.doPeopleSearchTest()'><b>doPeopleSearchTest</b><br>Test class: com.qa.linkedin.testcases.LinkedinSearchResultsTest<br>Parameters: Priyanka</td>
<td></td>
<td>5</td>
<td>com.qa.linkedin.testcases.LinkedinSearchResultsTest@6ef888f6</td></tr>
</table><p>
</body>
</html>