<?xml version="1.0" encoding="UTF-8"?>
<!-- Generated by org.testng.reporters.JUnitXMLReporter -->
<testsuite hostname="DESKTOP-0M1MH5T" ignored="0" name="LinkedinTest" tests="16" failures="4" timestamp="2022-07-28T08:01:00 IST" time="128.133" errors="0">
  <testcase name="verifyLinkedinHomePageTitle" time="0.051" classname="com.qa.linkedin.testcases.LinkedinHomePageTest">
    <failure type="java.lang.AssertionError" message="expected [true] but found [false]">
      <![CDATA[java.lang.AssertionError: expected [true] but found [false]
at com.qa.linkedin.testcases.LinkedinHomePageTest.verifyLinkedinHomePageTitle(LinkedinHomePageTest.java:30)
at java.util.ArrayList.forEach(ArrayList.java:1259)
... Removed 31 stack frames]]>
    </failure>
  </testcase> <!-- verifyLinkedinHomePageTitle -->
  <testcase name="verifyLinkedinLogoTest" time="0.093" classname="com.qa.linkedin.testcases.LinkedinHomePageTest"/>
  <testcase name="verifyLoginPageTitle" time="0.11" classname="com.qa.linkedin.testcases.LinkedinLoginPageTest">
    <failure type="java.lang.AssertionError" message="signin page title is not correct expected [true] but found [false]">
      <![CDATA[java.lang.AssertionError: signin page title is not correct expected [true] but found [false]
at com.qa.linkedin.testcases.LinkedinLoginPageTest.verifyLoginPageTitle(LinkedinLoginPageTest.java:37)
at java.util.ArrayList.forEach(ArrayList.java:1259)
... Removed 30 stack frames]]>
    </failure>
  </testcase> <!-- verifyLoginPageTitle -->
  <testcase name="verifySigninHeaderText" time="0.052" classname="com.qa.linkedin.testcases.LinkedinLoginPageTest"/>
  <testcase name="doLoginTest" time="11.319" classname="com.qa.linkedin.testcases.LinkedinFeedPageTest"/>
  <testcase name="doLogoutTest" time="1.694" classname="com.qa.linkedin.testcases.LinkedinFeedPageTest"/>
  <testcase name="verifyFeedPageTitleTest" time="0.022" classname="com.qa.linkedin.testcases.LinkedinFeedPageTest">
    <failure type="java.lang.AssertionError" message="Feed | LinkedIn is not present expected [true] but found [false]">
      <![CDATA[java.lang.AssertionError: Feed | LinkedIn is not present expected [true] but found [false]
at com.qa.linkedin.testcases.LinkedinFeedPageTest.verifyFeedPageTitleTest(LinkedinFeedPageTest.java:50)
at java.util.ArrayList.forEach(ArrayList.java:1259)
... Removed 30 stack frames]]>
    </failure>
  </testcase> <!-- verifyFeedPageTitleTest -->
  <testcase name="verifyProfileRailcardTest" time="10.158" classname="com.qa.linkedin.testcases.LinkedinFeedPageTest">
    <failure type="org.openqa.selenium.NoSuchElementException" message="no such element: Unable to locate element: {&amp;quot;method&amp;quot;:&amp;quot;css selector&amp;quot;,&amp;quot;selector&amp;quot;:&amp;quot;div[class*=&amp;apos;feed-identity-module&amp;apos;]&amp;quot;}
  (Session info: chrome=103.0.5060.134)
For documentation on this error, please visit: https://selenium.dev/exceptions/#no_such_element
Build info: version: &amp;apos;4.1.2&amp;apos;, revision: &amp;apos;9a5a329c5a&amp;apos;
System info: host: &amp;apos;DESKTOP-0M1MH5T&amp;apos;, ip: &amp;apos;192.168.0.172&amp;apos;, os.name: &amp;apos;Windows 10&amp;apos;, os.arch: &amp;apos;amd64&amp;apos;, os.version: &amp;apos;10.0&amp;apos;, java.version: &amp;apos;1.8.0_311&amp;apos;
Driver info: org.openqa.selenium.chrome.ChromeDriver
Command: [071f49cd83cd05765f49b2ae1f419272, findElement {using=css selector, value=div[class*=&amp;apos;feed-identity-module&amp;apos;]}]
Capabilities {acceptInsecureCerts: false, browserName: chrome, browserVersion: 103.0.5060.134, chrome: {chromedriverVersion: 103.0.5060.134 (8ec6fce403b..., userDataDir: C:\Users\LENOVO\AppData\Loc...}, goog:chromeOptions: {debuggerAddress: localhost:60563}, javascriptEnabled: true, networkConnectionEnabled: false, pageLoadStrategy: normal, platform: WINDOWS, platformName: WINDOWS, proxy: Proxy(), se:cdp: ws://localhost:60563/devtoo..., se:cdpVersion: 103.0.5060.134, setWindowRect: true, strictFileInteractability: false, timeouts: {implicit: 0, pageLoad: 300000, script: 30000}, unhandledPromptBehavior: dismiss and notify, webauthn:extension:credBlob: true, webauthn:extension:largeBlob: true, webauthn:virtualAuthenticators: true}
Session ID: 071f49cd83cd05765f49b2ae1f419272">
      <![CDATA[org.openqa.selenium.NoSuchElementException: no such element: Unable to locate element: {"method":"css selector","selector":"div[class*='feed-identity-module']"}
  (Session info: chrome=103.0.5060.134)
For documentation on this error, please visit: https://selenium.dev/exceptions/#no_such_element
Build info: version: '4.1.2', revision: '9a5a329c5a'
System info: host: 'DESKTOP-0M1MH5T', ip: '192.168.0.172', os.name: 'Windows 10', os.arch: 'amd64', os.version: '10.0', java.version: '1.8.0_311'
Driver info: org.openqa.selenium.chrome.ChromeDriver
Command: [071f49cd83cd05765f49b2ae1f419272, findElement {using=css selector, value=div[class*='feed-identity-module']}]
Capabilities {acceptInsecureCerts: false, browserName: chrome, browserVersion: 103.0.5060.134, chrome: {chromedriverVersion: 103.0.5060.134 (8ec6fce403b..., userDataDir: C:\Users\LENOVO\AppData\Loc...}, goog:chromeOptions: {debuggerAddress: localhost:60563}, javascriptEnabled: true, networkConnectionEnabled: false, pageLoadStrategy: normal, platform: WINDOWS, platformName: WINDOWS, proxy: Proxy(), se:cdp: ws://localhost:60563/devtoo..., se:cdpVersion: 103.0.5060.134, setWindowRect: true, strictFileInteractability: false, timeouts: {implicit: 0, pageLoad: 300000, script: 30000}, unhandledPromptBehavior: dismiss and notify, webauthn:extension:credBlob: true, webauthn:extension:largeBlob: true, webauthn:virtualAuthenticators: true}
Session ID: 071f49cd83cd05765f49b2ae1f419272
at org.openqa.selenium.remote.codec.w3c.W3CHttpResponseCodec.createException(W3CHttpResponseCodec.java:200)
at org.openqa.selenium.remote.codec.w3c.W3CHttpResponseCodec.decode(W3CHttpResponseCodec.java:133)
at org.openqa.selenium.remote.codec.w3c.W3CHttpResponseCodec.decode(W3CHttpResponseCodec.java:53)
at org.openqa.selenium.remote.HttpCommandExecutor.execute(HttpCommandExecutor.java:184)
at org.openqa.selenium.remote.service.DriverCommandExecutor.invokeExecute(DriverCommandExecutor.java:167)
at org.openqa.selenium.remote.service.DriverCommandExecutor.execute(DriverCommandExecutor.java:142)
at org.openqa.selenium.remote.RemoteWebDriver.execute(RemoteWebDriver.java:558)
at org.openqa.selenium.remote.ElementLocation$ElementFinder$2.findElement(ElementLocation.java:162)
at org.openqa.selenium.remote.ElementLocation.findElement(ElementLocation.java:60)
at org.openqa.selenium.remote.RemoteWebDriver.findElement(RemoteWebDriver.java:382)
at org.openqa.selenium.remote.RemoteWebDriver.findElement(RemoteWebDriver.java:374)
at org.openqa.selenium.support.pagefactory.DefaultElementLocator.findElement(DefaultElementLocator.java:70)
at org.openqa.selenium.support.pagefactory.internal.LocatingElementHandler.invoke(LocatingElementHandler.java:39)
at com.sun.proxy.$Proxy16.isDisplayed(Unknown Source)
at com.qa.linkedin.pages.LinkedinFeedPage.isProfileRailCardPresent(LinkedinFeedPage.java:43)
at com.qa.linkedin.testcases.LinkedinFeedPageTest.verifyProfileRailcardTest(LinkedinFeedPageTest.java:42)
at java.util.ArrayList.forEach(ArrayList.java:1259)
... Removed 31 stack frames]]>
    </failure>
  </testcase> <!-- verifyProfileRailcardTest -->
  <testcase name="doLoginTest" time="8.188" classname="com.qa.linkedin.testcases.LinkedinSearchResultsTest"/>
  <testcase name="doPeopleSearchTest" time="6.656" classname="com.qa.linkedin.testcases.LinkedinSearchResultsTest"/>
  <testcase name="doPeopleSearchTest" time="6.193" classname="com.qa.linkedin.testcases.LinkedinSearchResultsTest"/>
  <testcase name="doPeopleSearchTest" time="6.745" classname="com.qa.linkedin.testcases.LinkedinSearchResultsTest"/>
  <testcase name="doPeopleSearchTest" time="6.782" classname="com.qa.linkedin.testcases.LinkedinSearchResultsTest"/>
  <testcase name="doPeopleSearchTest" time="5.817" classname="com.qa.linkedin.testcases.LinkedinSearchResultsTest"/>
  <testcase name="doPeopleSearchTest" time="5.753" classname="com.qa.linkedin.testcases.LinkedinSearchResultsTest"/>
  <testcase name="doLogoutTest" time="3.332" classname="com.qa.linkedin.testcases.LinkedinSearchResultsTest"/>
</testsuite> <!-- LinkedinTest -->
