<?xml version="1.0" encoding="UTF-8"?>
<testng-results skipped="0" failed="4" ignored="0" total="16" passed="12">
  <reporter-output>
  </reporter-output>
  <suite name="LinkedinSuite" duration-ms="128133" started-at="2022-07-28T07:58:52 IST" finished-at="2022-07-28T08:01:00 IST">
    <groups>
    </groups>
    <test name="LinkedinTest" duration-ms="128133" started-at="2022-07-28T07:58:52 IST" finished-at="2022-07-28T08:01:00 IST">
      <class name="com.qa.linkedin.testcases.LinkedinFeedPageTest">
        <test-method status="PASS" signature="setup()[pri:0, instance:com.qa.linkedin.testcases.LinkedinFeedPageTest@5be6e01c]" name="setup" is-config="true" duration-ms="5262" started-at="2022-07-28T07:59:21 IST" finished-at="2022-07-28T07:59:26 IST">
          <reporter-output>
          </reporter-output>
        </test-method> <!-- setup -->
        <test-method status="PASS" signature="beforeClass()[pri:0, instance:com.qa.linkedin.testcases.LinkedinFeedPageTest@5be6e01c]" name="beforeClass" is-config="true" duration-ms="2068" started-at="2022-07-28T07:59:26 IST" finished-at="2022-07-28T07:59:28 IST">
          <reporter-output>
          </reporter-output>
        </test-method> <!-- beforeClass -->
        <test-method status="PASS" signature="doLoginTest()[pri:0, instance:com.qa.linkedin.testcases.LinkedinFeedPageTest@5be6e01c]" name="doLoginTest" duration-ms="11319" started-at="2022-07-28T07:59:28 IST" description="login to linkedin" finished-at="2022-07-28T07:59:40 IST">
          <reporter-output>
          </reporter-output>
        </test-method> <!-- doLoginTest -->
        <test-method status="PASS" signature="doLogoutTest()[pri:0, instance:com.qa.linkedin.testcases.LinkedinFeedPageTest@5be6e01c]" name="doLogoutTest" duration-ms="1694" started-at="2022-07-28T07:59:40 IST" depends-on-methods="com.qa.linkedin.testcases.LinkedinFeedPageTest.doLoginTest" finished-at="2022-07-28T07:59:41 IST">
          <reporter-output>
          </reporter-output>
        </test-method> <!-- doLogoutTest -->
        <test-method status="FAIL" signature="verifyFeedPageTitleTest()[pri:0, instance:com.qa.linkedin.testcases.LinkedinFeedPageTest@5be6e01c]" name="verifyFeedPageTitleTest" duration-ms="22" started-at="2022-07-28T07:59:41 IST" depends-on-methods="com.qa.linkedin.testcases.LinkedinFeedPageTest.doLoginTest" finished-at="2022-07-28T07:59:41 IST">
          <exception class="java.lang.AssertionError">
            <message>
              <![CDATA[Feed | LinkedIn is not present expected [true] but found [false]]]>
            </message>
            <full-stacktrace>
              <![CDATA[java.lang.AssertionError: Feed | LinkedIn is not present expected [true] but found [false]
at org.testng.Assert.fail(Assert.java:99)
at org.testng.Assert.failNotEquals(Assert.java:1037)
at org.testng.Assert.assertTrue(Assert.java:45)
at com.qa.linkedin.testcases.LinkedinFeedPageTest.verifyFeedPageTitleTest(LinkedinFeedPageTest.java:50)
at sun.reflect.NativeMethodAccessorImpl.invoke0(Native Method)
at sun.reflect.NativeMethodAccessorImpl.invoke(NativeMethodAccessorImpl.java:62)
at sun.reflect.DelegatingMethodAccessorImpl.invoke(DelegatingMethodAccessorImpl.java:43)
at java.lang.reflect.Method.invoke(Method.java:498)
at org.testng.internal.MethodInvocationHelper.invokeMethod(MethodInvocationHelper.java:133)
at org.testng.internal.TestInvoker.invokeMethod(TestInvoker.java:598)
at org.testng.internal.TestInvoker.invokeTestMethod(TestInvoker.java:173)
at org.testng.internal.MethodRunner.runInSequence(MethodRunner.java:46)
at org.testng.internal.TestInvoker$MethodInvocationAgent.invoke(TestInvoker.java:824)
at org.testng.internal.TestInvoker.invokeTestMethods(TestInvoker.java:146)
at org.testng.internal.TestMethodWorker.invokeTestMethods(TestMethodWorker.java:146)
at org.testng.internal.TestMethodWorker.run(TestMethodWorker.java:128)
at java.util.ArrayList.forEach(ArrayList.java:1259)
at org.testng.TestRunner.privateRun(TestRunner.java:794)
at org.testng.TestRunner.run(TestRunner.java:596)
at org.testng.SuiteRunner.runTest(SuiteRunner.java:377)
at org.testng.SuiteRunner.runSequentially(SuiteRunner.java:371)
at org.testng.SuiteRunner.privateRun(SuiteRunner.java:332)
at org.testng.SuiteRunner.run(SuiteRunner.java:276)
at org.testng.SuiteRunnerWorker.runSuite(SuiteRunnerWorker.java:53)
at org.testng.SuiteRunnerWorker.run(SuiteRunnerWorker.java:96)
at org.testng.TestNG.runSuitesSequentially(TestNG.java:1212)
at org.testng.TestNG.runSuitesLocally(TestNG.java:1134)
at org.testng.TestNG.runSuites(TestNG.java:1063)
at org.testng.TestNG.run(TestNG.java:1031)
at org.testng.remote.AbstractRemoteTestNG.run(AbstractRemoteTestNG.java:115)
at org.testng.remote.RemoteTestNG.initAndRun(RemoteTestNG.java:251)
at org.testng.remote.RemoteTestNG.main(RemoteTestNG.java:77)
]]>
            </full-stacktrace>
          </exception> <!-- java.lang.AssertionError -->
          <reporter-output>
          </reporter-output>
        </test-method> <!-- verifyFeedPageTitleTest -->
        <test-method status="FAIL" signature="verifyProfileRailcardTest()[pri:0, instance:com.qa.linkedin.testcases.LinkedinFeedPageTest@5be6e01c]" name="verifyProfileRailcardTest" duration-ms="10158" started-at="2022-07-28T07:59:49 IST" description="verifying profile railcard element" depends-on-methods="com.qa.linkedin.testcases.LinkedinFeedPageTest.doLoginTest" finished-at="2022-07-28T07:59:59 IST">
          <exception class="org.openqa.selenium.NoSuchElementException">
            <message>
              <![CDATA[no such element: Unable to locate element: {"method":"css selector","selector":"div[class*='feed-identity-module']"}
  (Session info: chrome=103.0.5060.134)
For documentation on this error, please visit: https://selenium.dev/exceptions/#no_such_element
Build info: version: '4.1.2', revision: '9a5a329c5a'
System info: host: 'DESKTOP-0M1MH5T', ip: '192.168.0.172', os.name: 'Windows 10', os.arch: 'amd64', os.version: '10.0', java.version: '1.8.0_311'
Driver info: org.openqa.selenium.chrome.ChromeDriver
Command: [071f49cd83cd05765f49b2ae1f419272, findElement {using=css selector, value=div[class*='feed-identity-module']}]
Capabilities {acceptInsecureCerts: false, browserName: chrome, browserVersion: 103.0.5060.134, chrome: {chromedriverVersion: 103.0.5060.134 (8ec6fce403b..., userDataDir: C:\Users\LENOVO\AppData\Loc...}, goog:chromeOptions: {debuggerAddress: localhost:60563}, javascriptEnabled: true, networkConnectionEnabled: false, pageLoadStrategy: normal, platform: WINDOWS, platformName: WINDOWS, proxy: Proxy(), se:cdp: ws://localhost:60563/devtoo..., se:cdpVersion: 103.0.5060.134, setWindowRect: true, strictFileInteractability: false, timeouts: {implicit: 0, pageLoad: 300000, script: 30000}, unhandledPromptBehavior: dismiss and notify, webauthn:extension:credBlob: true, webauthn:extension:largeBlob: true, webauthn:virtualAuthenticators: true}
Session ID: 071f49cd83cd05765f49b2ae1f419272]]>
            </message>
            <full-stacktrace>
              <![CDATA[org.openqa.selenium.NoSuchElementException: no such element: Unable to locate element: {"method":"css selector","selector":"div[class*='feed-identity-module']"}
  (Session info: chrome=103.0.5060.134)
For documentation on this error, please visit: https://selenium.dev/exceptions/#no_such_element
Build info: version: '4.1.2', revision: '9a5a329c5a'
System info: host: 'DESKTOP-0M1MH5T', ip: '192.168.0.172', os.name: 'Windows 10', os.arch: 'amd64', os.version: '10.0', java.version: '1.8.0_311'
Driver info: org.openqa.selenium.chrome.ChromeDriver
Command: [071f49cd83cd05765f49b2ae1f419272, findElement {using=css selector, value=div[class*='feed-identity-module']}]
Capabilities {acceptInsecureCerts: false, browserName: chrome, browserVersion: 103.0.5060.134, chrome: {chromedriverVersion: 103.0.5060.134 (8ec6fce403b..., userDataDir: C:\Users\LENOVO\AppData\Loc...}, goog:chromeOptions: {debuggerAddress: localhost:60563}, javascriptEnabled: true, networkConnectionEnabled: false, pageLoadStrategy: normal, platform: WINDOWS, platformName: WINDOWS, proxy: Proxy(), se:cdp: ws://localhost:60563/devtoo..., se:cdpVersion: 103.0.5060.134, setWindowRect: true, strictFileInteractability: false, timeouts: {implicit: 0, pageLoad: 300000, script: 30000}, unhandledPromptBehavior: dismiss and notify, webauthn:extension:credBlob: true, webauthn:extension:largeBlob: true, webauthn:virtualAuthenticators: true}
Session ID: 071f49cd83cd05765f49b2ae1f419272
at sun.reflect.NativeConstructorAccessorImpl.newInstance0(Native Method)
at sun.reflect.NativeConstructorAccessorImpl.newInstance(NativeConstructorAccessorImpl.java:62)
at sun.reflect.DelegatingConstructorAccessorImpl.newInstance(DelegatingConstructorAccessorImpl.java:45)
at java.lang.reflect.Constructor.newInstance(Constructor.java:423)
at org.openqa.selenium.remote.codec.w3c.W3CHttpResponseCodec.createException(W3CHttpResponseCodec.java:200)
at org.openqa.selenium.remote.codec.w3c.W3CHttpResponseCodec.decode(W3CHttpResponseCodec.java:133)
at org.openqa.selenium.remote.codec.w3c.W3CHttpResponseCodec.decode(W3CHttpResponseCodec.java:53)
at org.openqa.selenium.remote.HttpCommandExecutor.execute(HttpCommandExecutor.java:184)
at org.openqa.selenium.remote.service.DriverCommandExecutor.invokeExecute(DriverCommandExecutor.java:167)
at org.openqa.selenium.remote.service.DriverCommandExecutor.execute(DriverCommandExecutor.java:142)
at org.openqa.selenium.remote.RemoteWebDriver.execute(RemoteWebDriver.java:558)
at org.openqa.selenium.remote.ElementLocation$ElementFinder$2.findElement(ElementLocation.java:162)
at org.openqa.selenium.remote.ElementLocation.findElement(ElementLocation.java:60)
at org.openqa.selenium.remote.RemoteWebDriver.findElement(RemoteWebDriver.java:382)
at org.openqa.selenium.remote.RemoteWebDriver.findElement(RemoteWebDriver.java:374)
at org.openqa.selenium.support.pagefactory.DefaultElementLocator.findElement(DefaultElementLocator.java:70)
at org.openqa.selenium.support.pagefactory.internal.LocatingElementHandler.invoke(LocatingElementHandler.java:39)
at com.sun.proxy.$Proxy16.isDisplayed(Unknown Source)
at com.qa.linkedin.pages.LinkedinFeedPage.isProfileRailCardPresent(LinkedinFeedPage.java:43)
at com.qa.linkedin.testcases.LinkedinFeedPageTest.verifyProfileRailcardTest(LinkedinFeedPageTest.java:42)
at sun.reflect.NativeMethodAccessorImpl.invoke0(Native Method)
at sun.reflect.NativeMethodAccessorImpl.invoke(NativeMethodAccessorImpl.java:62)
at sun.reflect.DelegatingMethodAccessorImpl.invoke(DelegatingMethodAccessorImpl.java:43)
at java.lang.reflect.Method.invoke(Method.java:498)
at org.testng.internal.MethodInvocationHelper.invokeMethod(MethodInvocationHelper.java:133)
at org.testng.internal.TestInvoker.invokeMethod(TestInvoker.java:598)
at org.testng.internal.TestInvoker.invokeTestMethod(TestInvoker.java:173)
at org.testng.internal.MethodRunner.runInSequence(MethodRunner.java:46)
at org.testng.internal.TestInvoker$MethodInvocationAgent.invoke(TestInvoker.java:824)
at org.testng.internal.TestInvoker.invokeTestMethods(TestInvoker.java:146)
at org.testng.internal.TestMethodWorker.invokeTestMethods(TestMethodWorker.java:146)
at org.testng.internal.TestMethodWorker.run(TestMethodWorker.java:128)
at java.util.ArrayList.forEach(ArrayList.java:1259)
at org.testng.TestRunner.privateRun(TestRunner.java:794)
at org.testng.TestRunner.run(TestRunner.java:596)
at org.testng.SuiteRunner.runTest(SuiteRunner.java:377)
at org.testng.SuiteRunner.runSequentially(SuiteRunner.java:371)
at org.testng.SuiteRunner.privateRun(SuiteRunner.java:332)
at org.testng.SuiteRunner.run(SuiteRunner.java:276)
at org.testng.SuiteRunnerWorker.runSuite(SuiteRunnerWorker.java:53)
at org.testng.SuiteRunnerWorker.run(SuiteRunnerWorker.java:96)
at org.testng.TestNG.runSuitesSequentially(TestNG.java:1212)
at org.testng.TestNG.runSuitesLocally(TestNG.java:1134)
at org.testng.TestNG.runSuites(TestNG.java:1063)
at org.testng.TestNG.run(TestNG.java:1031)
at org.testng.remote.AbstractRemoteTestNG.run(AbstractRemoteTestNG.java:115)
at org.testng.remote.RemoteTestNG.initAndRun(RemoteTestNG.java:251)
at org.testng.remote.RemoteTestNG.main(RemoteTestNG.java:77)
]]>
            </full-stacktrace>
          </exception> <!-- org.openqa.selenium.NoSuchElementException -->
          <reporter-output>
          </reporter-output>
        </test-method> <!-- verifyProfileRailcardTest -->
        <test-method status="PASS" signature="tearDown()[pri:0, instance:com.qa.linkedin.testcases.LinkedinFeedPageTest@5be6e01c]" name="tearDown" is-config="true" duration-ms="1032" started-at="2022-07-28T07:59:59 IST" finished-at="2022-07-28T08:00:00 IST">
          <reporter-output>
          </reporter-output>
        </test-method> <!-- tearDown -->
      </class> <!-- com.qa.linkedin.testcases.LinkedinFeedPageTest -->
      <class name="com.qa.linkedin.testcases.LinkedinHomePageTest">
        <test-method status="PASS" signature="setup()[pri:0, instance:com.qa.linkedin.testcases.LinkedinHomePageTest@7f552bd3]" name="setup" is-config="true" duration-ms="12055" started-at="2022-07-28T07:58:52 IST" finished-at="2022-07-28T07:59:04 IST">
          <reporter-output>
          </reporter-output>
        </test-method> <!-- setup -->
        <test-method status="PASS" signature="beforeClass()[pri:0, instance:com.qa.linkedin.testcases.LinkedinHomePageTest@7f552bd3]" name="beforeClass" is-config="true" duration-ms="113" started-at="2022-07-28T07:59:04 IST" finished-at="2022-07-28T07:59:04 IST">
          <reporter-output>
          </reporter-output>
        </test-method> <!-- beforeClass -->
        <test-method status="FAIL" signature="verifyLinkedinHomePageTitle()[pri:0, instance:com.qa.linkedin.testcases.LinkedinHomePageTest@7f552bd3]" name="verifyLinkedinHomePageTitle" duration-ms="51" started-at="2022-07-28T07:59:04 IST" finished-at="2022-07-28T07:59:04 IST">
          <exception class="java.lang.AssertionError">
            <message>
              <![CDATA[expected [true] but found [false]]]>
            </message>
            <full-stacktrace>
              <![CDATA[java.lang.AssertionError: expected [true] but found [false]
at org.testng.Assert.fail(Assert.java:99)
at org.testng.Assert.failNotEquals(Assert.java:1037)
at org.testng.Assert.assertTrue(Assert.java:45)
at org.testng.Assert.assertTrue(Assert.java:55)
at com.qa.linkedin.testcases.LinkedinHomePageTest.verifyLinkedinHomePageTitle(LinkedinHomePageTest.java:30)
at sun.reflect.NativeMethodAccessorImpl.invoke0(Native Method)
at sun.reflect.NativeMethodAccessorImpl.invoke(NativeMethodAccessorImpl.java:62)
at sun.reflect.DelegatingMethodAccessorImpl.invoke(DelegatingMethodAccessorImpl.java:43)
at java.lang.reflect.Method.invoke(Method.java:498)
at org.testng.internal.MethodInvocationHelper.invokeMethod(MethodInvocationHelper.java:133)
at org.testng.internal.TestInvoker.invokeMethod(TestInvoker.java:598)
at org.testng.internal.TestInvoker.invokeTestMethod(TestInvoker.java:173)
at org.testng.internal.MethodRunner.runInSequence(MethodRunner.java:46)
at org.testng.internal.TestInvoker$MethodInvocationAgent.invoke(TestInvoker.java:824)
at org.testng.internal.TestInvoker.invokeTestMethods(TestInvoker.java:146)
at org.testng.internal.TestMethodWorker.invokeTestMethods(TestMethodWorker.java:146)
at org.testng.internal.TestMethodWorker.run(TestMethodWorker.java:128)
at java.util.ArrayList.forEach(ArrayList.java:1259)
at org.testng.TestRunner.privateRun(TestRunner.java:794)
at org.testng.TestRunner.run(TestRunner.java:596)
at org.testng.SuiteRunner.runTest(SuiteRunner.java:377)
at org.testng.SuiteRunner.runSequentially(SuiteRunner.java:371)
at org.testng.SuiteRunner.privateRun(SuiteRunner.java:332)
at org.testng.SuiteRunner.run(SuiteRunner.java:276)
at org.testng.SuiteRunnerWorker.runSuite(SuiteRunnerWorker.java:53)
at org.testng.SuiteRunnerWorker.run(SuiteRunnerWorker.java:96)
at org.testng.TestNG.runSuitesSequentially(TestNG.java:1212)
at org.testng.TestNG.runSuitesLocally(TestNG.java:1134)
at org.testng.TestNG.runSuites(TestNG.java:1063)
at org.testng.TestNG.run(TestNG.java:1031)
at org.testng.remote.AbstractRemoteTestNG.run(AbstractRemoteTestNG.java:115)
at org.testng.remote.RemoteTestNG.initAndRun(RemoteTestNG.java:251)
at org.testng.remote.RemoteTestNG.main(RemoteTestNG.java:77)
]]>
            </full-stacktrace>
          </exception> <!-- java.lang.AssertionError -->
          <reporter-output>
          </reporter-output>
        </test-method> <!-- verifyLinkedinHomePageTitle -->
        <test-method status="PASS" signature="verifyLinkedinLogoTest()[pri:0, instance:com.qa.linkedin.testcases.LinkedinHomePageTest@7f552bd3]" name="verifyLinkedinLogoTest" duration-ms="93" started-at="2022-07-28T07:59:05 IST" finished-at="2022-07-28T07:59:05 IST">
          <reporter-output>
          </reporter-output>
        </test-method> <!-- verifyLinkedinLogoTest -->
        <test-method status="PASS" signature="afterClass()[pri:0, instance:com.qa.linkedin.testcases.LinkedinHomePageTest@7f552bd3]" name="afterClass" is-config="true" duration-ms="1932" started-at="2022-07-28T07:59:05 IST" finished-at="2022-07-28T07:59:07 IST">
          <reporter-output>
          </reporter-output>
        </test-method> <!-- afterClass -->
        <test-method status="PASS" signature="tearDown()[pri:0, instance:com.qa.linkedin.testcases.LinkedinHomePageTest@7f552bd3]" name="tearDown" is-config="true" duration-ms="1203" started-at="2022-07-28T07:59:07 IST" finished-at="2022-07-28T07:59:08 IST">
          <reporter-output>
          </reporter-output>
        </test-method> <!-- tearDown -->
      </class> <!-- com.qa.linkedin.testcases.LinkedinHomePageTest -->
      <class name="com.qa.linkedin.testcases.LinkedinLoginPageTest">
        <test-method status="PASS" signature="setup()[pri:0, instance:com.qa.linkedin.testcases.LinkedinLoginPageTest@6af93788]" name="setup" is-config="true" duration-ms="6056" started-at="2022-07-28T07:59:08 IST" finished-at="2022-07-28T07:59:14 IST">
          <reporter-output>
          </reporter-output>
        </test-method> <!-- setup -->
        <test-method status="PASS" signature="beforeClass()[pri:0, instance:com.qa.linkedin.testcases.LinkedinLoginPageTest@6af93788]" name="beforeClass" is-config="true" duration-ms="3654" started-at="2022-07-28T07:59:14 IST" finished-at="2022-07-28T07:59:18 IST">
          <reporter-output>
          </reporter-output>
        </test-method> <!-- beforeClass -->
        <test-method status="FAIL" signature="verifyLoginPageTitle()[pri:0, instance:com.qa.linkedin.testcases.LinkedinLoginPageTest@6af93788]" name="verifyLoginPageTitle" duration-ms="110" started-at="2022-07-28T07:59:18 IST" finished-at="2022-07-28T07:59:18 IST">
          <exception class="java.lang.AssertionError">
            <message>
              <![CDATA[signin page title is not correct expected [true] but found [false]]]>
            </message>
            <full-stacktrace>
              <![CDATA[java.lang.AssertionError: signin page title is not correct expected [true] but found [false]
at org.testng.Assert.fail(Assert.java:99)
at org.testng.Assert.failNotEquals(Assert.java:1037)
at org.testng.Assert.assertTrue(Assert.java:45)
at com.qa.linkedin.testcases.LinkedinLoginPageTest.verifyLoginPageTitle(LinkedinLoginPageTest.java:37)
at sun.reflect.NativeMethodAccessorImpl.invoke0(Native Method)
at sun.reflect.NativeMethodAccessorImpl.invoke(NativeMethodAccessorImpl.java:62)
at sun.reflect.DelegatingMethodAccessorImpl.invoke(DelegatingMethodAccessorImpl.java:43)
at java.lang.reflect.Method.invoke(Method.java:498)
at org.testng.internal.MethodInvocationHelper.invokeMethod(MethodInvocationHelper.java:133)
at org.testng.internal.TestInvoker.invokeMethod(TestInvoker.java:598)
at org.testng.internal.TestInvoker.invokeTestMethod(TestInvoker.java:173)
at org.testng.internal.MethodRunner.runInSequence(MethodRunner.java:46)
at org.testng.internal.TestInvoker$MethodInvocationAgent.invoke(TestInvoker.java:824)
at org.testng.internal.TestInvoker.invokeTestMethods(TestInvoker.java:146)
at org.testng.internal.TestMethodWorker.invokeTestMethods(TestMethodWorker.java:146)
at org.testng.internal.TestMethodWorker.run(TestMethodWorker.java:128)
at java.util.ArrayList.forEach(ArrayList.java:1259)
at org.testng.TestRunner.privateRun(TestRunner.java:794)
at org.testng.TestRunner.run(TestRunner.java:596)
at org.testng.SuiteRunner.runTest(SuiteRunner.java:377)
at org.testng.SuiteRunner.runSequentially(SuiteRunner.java:371)
at org.testng.SuiteRunner.privateRun(SuiteRunner.java:332)
at org.testng.SuiteRunner.run(SuiteRunner.java:276)
at org.testng.SuiteRunnerWorker.runSuite(SuiteRunnerWorker.java:53)
at org.testng.SuiteRunnerWorker.run(SuiteRunnerWorker.java:96)
at org.testng.TestNG.runSuitesSequentially(TestNG.java:1212)
at org.testng.TestNG.runSuitesLocally(TestNG.java:1134)
at org.testng.TestNG.runSuites(TestNG.java:1063)
at org.testng.TestNG.run(TestNG.java:1031)
at org.testng.remote.AbstractRemoteTestNG.run(AbstractRemoteTestNG.java:115)
at org.testng.remote.RemoteTestNG.initAndRun(RemoteTestNG.java:251)
at org.testng.remote.RemoteTestNG.main(RemoteTestNG.java:77)
]]>
            </full-stacktrace>
          </exception> <!-- java.lang.AssertionError -->
          <reporter-output>
          </reporter-output>
        </test-method> <!-- verifyLoginPageTitle -->
        <test-method status="PASS" signature="verifySigninHeaderText()[pri:0, instance:com.qa.linkedin.testcases.LinkedinLoginPageTest@6af93788]" name="verifySigninHeaderText" duration-ms="52" started-at="2022-07-28T07:59:19 IST" finished-at="2022-07-28T07:59:19 IST">
          <reporter-output>
          </reporter-output>
        </test-method> <!-- verifySigninHeaderText -->
        <test-method status="PASS" signature="tearDown()[pri:0, instance:com.qa.linkedin.testcases.LinkedinLoginPageTest@6af93788]" name="tearDown" is-config="true" duration-ms="1953" started-at="2022-07-28T07:59:19 IST" finished-at="2022-07-28T07:59:21 IST">
          <reporter-output>
          </reporter-output>
        </test-method> <!-- tearDown -->
      </class> <!-- com.qa.linkedin.testcases.LinkedinLoginPageTest -->
      <class name="com.qa.linkedin.testcases.LinkedinSearchResultsTest">
        <test-method status="PASS" signature="setup()[pri:0, instance:com.qa.linkedin.testcases.LinkedinSearchResultsTest@6ef888f6]" name="setup" is-config="true" duration-ms="4184" started-at="2022-07-28T08:00:00 IST" finished-at="2022-07-28T08:00:04 IST">
          <reporter-output>
          </reporter-output>
        </test-method> <!-- setup -->
        <test-method status="PASS" signature="beforeClass()[pri:0, instance:com.qa.linkedin.testcases.LinkedinSearchResultsTest@6ef888f6]" name="beforeClass" is-config="true" duration-ms="2098" started-at="2022-07-28T08:00:04 IST" finished-at="2022-07-28T08:00:06 IST">
          <reporter-output>
          </reporter-output>
        </test-method> <!-- beforeClass -->
        <test-method status="PASS" signature="doLoginTest()[pri:1, instance:com.qa.linkedin.testcases.LinkedinSearchResultsTest@6ef888f6]" name="doLoginTest" duration-ms="8188" started-at="2022-07-28T08:00:06 IST" description="login to linkedin" finished-at="2022-07-28T08:00:15 IST">
          <reporter-output>
          </reporter-output>
        </test-method> <!-- doLoginTest -->
        <test-method status="PASS" signature="doPeopleSearchTest(java.lang.String)[pri:2, instance:com.qa.linkedin.testcases.LinkedinSearchResultsTest@6ef888f6]" name="doPeopleSearchTest" duration-ms="6656" started-at="2022-07-28T08:00:17 IST" data-provider="getTestData" depends-on-methods="com.qa.linkedin.testcases.LinkedinSearchResultsTest.doLoginTest" finished-at="2022-07-28T08:00:24 IST">
          <params>
            <param index="0">
              <value>
                <![CDATA[Ramesh]]>
              </value>
            </param>
          </params>
          <reporter-output>
          </reporter-output>
        </test-method> <!-- doPeopleSearchTest -->
        <test-method status="PASS" signature="doPeopleSearchTest(java.lang.String)[pri:2, instance:com.qa.linkedin.testcases.LinkedinSearchResultsTest@6ef888f6]" name="doPeopleSearchTest" duration-ms="6193" started-at="2022-07-28T08:00:24 IST" data-provider="getTestData" depends-on-methods="com.qa.linkedin.testcases.LinkedinSearchResultsTest.doLoginTest" finished-at="2022-07-28T08:00:30 IST">
          <params>
            <param index="0">
              <value>
                <![CDATA[Venkatesh]]>
              </value>
            </param>
          </params>
          <reporter-output>
          </reporter-output>
        </test-method> <!-- doPeopleSearchTest -->
        <test-method status="PASS" signature="doPeopleSearchTest(java.lang.String)[pri:2, instance:com.qa.linkedin.testcases.LinkedinSearchResultsTest@6ef888f6]" name="doPeopleSearchTest" duration-ms="6745" started-at="2022-07-28T08:00:30 IST" data-provider="getTestData" depends-on-methods="com.qa.linkedin.testcases.LinkedinSearchResultsTest.doLoginTest" finished-at="2022-07-28T08:00:37 IST">
          <params>
            <param index="0">
              <value>
                <![CDATA[Shafi]]>
              </value>
            </param>
          </params>
          <reporter-output>
          </reporter-output>
        </test-method> <!-- doPeopleSearchTest -->
        <test-method status="PASS" signature="doPeopleSearchTest(java.lang.String)[pri:2, instance:com.qa.linkedin.testcases.LinkedinSearchResultsTest@6ef888f6]" name="doPeopleSearchTest" duration-ms="6782" started-at="2022-07-28T08:00:37 IST" data-provider="getTestData" depends-on-methods="com.qa.linkedin.testcases.LinkedinSearchResultsTest.doLoginTest" finished-at="2022-07-28T08:00:43 IST">
          <params>
            <param index="0">
              <value>
                <![CDATA[Jyoshna]]>
              </value>
            </param>
          </params>
          <reporter-output>
          </reporter-output>
        </test-method> <!-- doPeopleSearchTest -->
        <test-method status="PASS" signature="doPeopleSearchTest(java.lang.String)[pri:2, instance:com.qa.linkedin.testcases.LinkedinSearchResultsTest@6ef888f6]" name="doPeopleSearchTest" duration-ms="5817" started-at="2022-07-28T08:00:43 IST" data-provider="getTestData" depends-on-methods="com.qa.linkedin.testcases.LinkedinSearchResultsTest.doLoginTest" finished-at="2022-07-28T08:00:49 IST">
          <params>
            <param index="0">
              <value>
                <![CDATA[Lavanya]]>
              </value>
            </param>
          </params>
          <reporter-output>
          </reporter-output>
        </test-method> <!-- doPeopleSearchTest -->
        <test-method status="PASS" signature="doPeopleSearchTest(java.lang.String)[pri:2, instance:com.qa.linkedin.testcases.LinkedinSearchResultsTest@6ef888f6]" name="doPeopleSearchTest" duration-ms="5753" started-at="2022-07-28T08:00:49 IST" data-provider="getTestData" depends-on-methods="com.qa.linkedin.testcases.LinkedinSearchResultsTest.doLoginTest" finished-at="2022-07-28T08:00:55 IST">
          <params>
            <param index="0">
              <value>
                <![CDATA[Priyanka]]>
              </value>
            </param>
          </params>
          <reporter-output>
          </reporter-output>
        </test-method> <!-- doPeopleSearchTest -->
        <test-method status="PASS" signature="doLogoutTest()[pri:3, instance:com.qa.linkedin.testcases.LinkedinSearchResultsTest@6ef888f6]" name="doLogoutTest" duration-ms="3332" started-at="2022-07-28T08:00:55 IST" finished-at="2022-07-28T08:00:58 IST">
          <reporter-output>
          </reporter-output>
        </test-method> <!-- doLogoutTest -->
        <test-method status="PASS" signature="tearDown()[pri:0, instance:com.qa.linkedin.testcases.LinkedinSearchResultsTest@6ef888f6]" name="tearDown" is-config="true" duration-ms="1842" started-at="2022-07-28T08:00:58 IST" finished-at="2022-07-28T08:01:00 IST">
          <reporter-output>
          </reporter-output>
        </test-method> <!-- tearDown -->
      </class> <!-- com.qa.linkedin.testcases.LinkedinSearchResultsTest -->
    </test> <!-- LinkedinTest -->
  </suite> <!-- LinkedinSuite -->
</testng-results>
